  Main.cpp
C:\Users\danny\Downloads\CGPROYECTO\Proyecto\Proyecto\Window.h(12,36): warning C4244: 'return': conversión de 'GLint' a 'GLfloat'; posible pérdida de datos
  (compilando archivo de origen "Main.cpp")
  
C:\Users\danny\Downloads\CGPROYECTO\Proyecto\Proyecto\Window.h(13,37): warning C4244: 'return': conversión de 'GLint' a 'GLfloat'; posible pérdida de datos
  (compilando archivo de origen "Main.cpp")
  
C:\Users\danny\Downloads\CGPROYECTO\Proyecto\Proyecto\Main.cpp(818,15): warning C4244: 'inicializando': conversión de 'double' a 'GLfloat'; posible pérdida de datos
C:\Users\danny\Downloads\CGPROYECTO\Proyecto\Proyecto\Main.cpp(820,33): warning C4244: '+=': conversión de 'double' a 'GLfloat'; posible pérdida de datos
C:\Users\danny\Downloads\CGPROYECTO\Proyecto\Proyecto\Main.cpp(878,13): warning C4244: '=': conversión de 'double' a 'GLfloat'; posible pérdida de datos
C:\Users\danny\Downloads\CGPROYECTO\Proyecto\Proyecto\Main.cpp(880,19): warning C4244: '+=': conversión de 'double' a 'GLfloat'; posible pérdida de datos
C:\Users\danny\Downloads\CGPROYECTO\Proyecto\Proyecto\Main.cpp(893,16): warning C4244: '+=': conversión de 'double' a 'GLfloat'; posible pérdida de datos
C:\Users\danny\Downloads\CGPROYECTO\Proyecto\Proyecto\Main.cpp(895,18): warning C4244: '+=': conversión de 'double' a 'GLfloat'; posible pérdida de datos
C:\Users\danny\Downloads\CGPROYECTO\Proyecto\Proyecto\Main.cpp(896,19): warning C4244: '+=': conversión de 'double' a 'GLfloat'; posible pérdida de datos
C:\Users\danny\Downloads\CGPROYECTO\Proyecto\Proyecto\Main.cpp(906,22): warning C4244: '+=': conversión de 'double' a 'GLfloat'; posible pérdida de datos
C:\Users\danny\Downloads\CGPROYECTO\Proyecto\Proyecto\Main.cpp(912,17): warning C4244: '+=': conversión de 'double' a 'GLfloat'; posible pérdida de datos
C:\Users\danny\Downloads\CGPROYECTO\Proyecto\Proyecto\Main.cpp(913,19): warning C4244: '-=': conversión de 'double' a 'GLfloat'; posible pérdida de datos
C:\Users\danny\Downloads\CGPROYECTO\Proyecto\Proyecto\Main.cpp(922,17): warning C4244: '+=': conversión de 'double' a 'GLfloat'; posible pérdida de datos
C:\Users\danny\Downloads\CGPROYECTO\Proyecto\Proyecto\Main.cpp(923,19): warning C4244: '-=': conversión de 'double' a 'GLfloat'; posible pérdida de datos
C:\Users\danny\Downloads\CGPROYECTO\Proyecto\Proyecto\Main.cpp(936,18): warning C4244: '+=': conversión de 'double' a 'GLfloat'; posible pérdida de datos
C:\Users\danny\Downloads\CGPROYECTO\Proyecto\Proyecto\Main.cpp(946,19): warning C4244: '+=': conversión de 'double' a 'GLfloat'; posible pérdida de datos
C:\Users\danny\Downloads\CGPROYECTO\Proyecto\Proyecto\Main.cpp(948,12): warning C4244: '=': conversión de 'double' a 'GLfloat'; posible pérdida de datos
C:\Users\danny\Downloads\CGPROYECTO\Proyecto\Proyecto\Main.cpp(966,13): warning C4244: '=': conversión de 'double' a 'GLfloat'; posible pérdida de datos
C:\Users\danny\Downloads\CGPROYECTO\Proyecto\Proyecto\Main.cpp(967,19): warning C4244: '+=': conversión de 'double' a 'GLfloat'; posible pérdida de datos
  Generando código
  205 of 1066 functions (19.2%) were compiled, the rest were copied from previous compilation.
    0 functions were new in current compilation
    29 functions had inline decision re-evaluated but remain unchanged
  Generación de código finalizada
  Proyecto.vcxproj -> C:\Users\danny\Downloads\CGPROYECTO\Proyecto\Release\Proyecto.exe
